# JRE version: Java(TM) SE Runtime Environment (8.0_221-b11) (build 1.8.0_221-b11)
# Java VM: Java HotSpot(TM) 64-Bit Server VM (25.221-b11 mixed mode windows-amd64 compressed oops)
Heap:
 PSYoungGen      total 446464K, used 425984K [0x00000000d5d00000, 0x0000000100000000, 0x0000000100000000)
  eden space 425984K, 100% used [0x00000000d5d00000,0x00000000efd00000,0x00000000efd00000)
  from space 20480K, 0% used [0x00000000efd00000,0x00000000efd00000,0x00000000f1100000)
  to   space 65024K, 100% used [0x00000000fc080000,0x0000000100000000,0x0000000100000000)
 ParOldGen       total 247296K, used 228010K [0x0000000081600000, 0x0000000090780000, 0x00000000d5d00000)
  object space 247296K, 92% used [0x0000000081600000,0x000000008f4ac8f0,0x0000000090780000)
 Metaspace       used 12652K, capacity 12850K, committed 13184K, reserved 1060864K
  class space    used 1503K, capacity 1587K, committed 1664K, reserved 1048576K
GC Heap History (10 events):
Event: 2.867 GC heap after
Heap after GC invocations=8 (full 0):
 PSYoungGen      total 286720K, used 2315K [0x00000000d5d00000, 0x00000000e8a00000, 0x0000000100000000)
  eden space 266240K, 0% used [0x00000000d5d00000,0x00000000d5d00000,0x00000000e6100000)
  from space 20480K, 11% used [0x00000000e7600000,0x00000000e7842f40,0x00000000e8a00000)
  to   space 20992K, 0% used [0x00000000e6100000,0x00000000e6100000,0x00000000e7580000)
 ParOldGen       total 87552K, used 30756K [0x0000000081600000, 0x0000000086b80000, 0x00000000d5d00000)
  object space 87552K, 35% used [0x0000000081600000,0x0000000083409388,0x0000000086b80000)
 Metaspace       used 12301K, capacity 12530K, committed 12672K, reserved 1060864K
  class space    used 1499K, capacity 1587K, committed 1664K, reserved 1048576K
}
Event: 3.280 GC heap before
{Heap before GC invocations=9 (full 0):
 PSYoungGen      total 286720K, used 268555K [0x00000000d5d00000, 0x00000000e8a00000, 0x0000000100000000)
  eden space 266240K, 100% used [0x00000000d5d00000,0x00000000e6100000,0x00000000e6100000)
  from space 20480K, 11% used [0x00000000e7600000,0x00000000e7842f40,0x00000000e8a00000)
  to   space 20992K, 0% used [0x00000000e6100000,0x00000000e6100000,0x00000000e7580000)
 ParOldGen       total 87552K, used 30756K [0x0000000081600000, 0x0000000086b80000, 0x00000000d5d00000)
  object space 87552K, 35% used [0x0000000081600000,0x0000000083409388,0x0000000086b80000)
 Metaspace       used 12397K, capacity 12594K, committed 12928K, reserved 1060864K
  class space    used 1499K, capacity 1587K, committed 1664K, reserved 1048576K
Event: 3.295 GC heap after
Heap after GC invocations=9 (full 0):
 PSYoungGen      total 287232K, used 9758K [0x00000000d5d00000, 0x00000000f2500000, 0x0000000100000000)
  eden space 266240K, 0% used [0x00000000d5d00000,0x00000000d5d00000,0x00000000e6100000)
  from space 20992K, 46% used [0x00000000e6100000,0x00000000e6a87b58,0x00000000e7580000)
  to   space 20480K, 0% used [0x00000000f1100000,0x00000000f1100000,0x00000000f2500000)
 ParOldGen       total 87552K, used 30780K [0x0000000081600000, 0x0000000086b80000, 0x00000000d5d00000)
  object space 87552K, 35% used [0x0000000081600000,0x000000008340f388,0x0000000086b80000)
 Metaspace       used 12397K, capacity 12594K, committed 12928K, reserved 1060864K
  class space    used 1499K, capacity 1587K, committed 1664K, reserved 1048576K
}
Event: 3.813 GC heap before
{Heap before GC invocations=10 (full 0):
 PSYoungGen      total 287232K, used 275998K [0x00000000d5d00000, 0x00000000f2500000, 0x0000000100000000)
  eden space 266240K, 100% used [0x00000000d5d00000,0x00000000e6100000,0x00000000e6100000)
  from space 20992K, 46% used [0x00000000e6100000,0x00000000e6a87b58,0x00000000e7580000)
  to   space 20480K, 0% used [0x00000000f1100000,0x00000000f1100000,0x00000000f2500000)
 ParOldGen       total 87552K, used 30780K [0x0000000081600000, 0x0000000086b80000, 0x00000000d5d00000)
  object space 87552K, 35% used [0x0000000081600000,0x000000008340f388,0x0000000086b80000)
 Metaspace       used 12469K, capacity 12722K, committed 12928K, reserved 1060864K
  class space    used 1499K, capacity 1587K, committed 1664K, reserved 1048576K
Event: 3.814 GC heap after
Heap after GC invocations=10 (full 0):
 PSYoungGen      total 446464K, used 438K [0x00000000d5d00000, 0x00000000f2500000, 0x0000000100000000)
  eden space 425984K, 0% used [0x00000000d5d00000,0x00000000d5d00000,0x00000000efd00000)
  from space 20480K, 2% used [0x00000000f1100000,0x00000000f116dba8,0x00000000f2500000)
  to   space 20480K, 0% used [0x00000000efd00000,0x00000000efd00000,0x00000000f1100000)
 ParOldGen       total 87552K, used 30812K [0x0000000081600000, 0x0000000086b80000, 0x00000000d5d00000)
  object space 87552K, 35% used [0x0000000081600000,0x0000000083417388,0x0000000086b80000)
 Metaspace       used 12469K, capacity 12722K, committed 12928K, reserved 1060864K
  class space    used 1499K, capacity 1587K, committed 1664K, reserved 1048576K
}
Event: 4.361 GC heap before
{Heap before GC invocations=11 (full 0):
 PSYoungGen      total 446464K, used 426422K [0x00000000d5d00000, 0x00000000f2500000, 0x0000000100000000)
  eden space 425984K, 100% used [0x00000000d5d00000,0x00000000efd00000,0x00000000efd00000)
  from space 20480K, 2% used [0x00000000f1100000,0x00000000f116dba8,0x00000000f2500000)
  to   space 20480K, 0% used [0x00000000efd00000,0x00000000efd00000,0x00000000f1100000)
 ParOldGen       total 87552K, used 30812K [0x0000000081600000, 0x0000000086b80000, 0x00000000d5d00000)
  object space 87552K, 35% used [0x0000000081600000,0x0000000083417388,0x0000000086b80000)
 Metaspace       used 12532K, capacity 12722K, committed 12928K, reserved 1060864K
  class space    used 1503K, capacity 1587K, committed 1664K, reserved 1048576K
Event: 4.525 GC heap after
Heap after GC invocations=11 (full 0):
 PSYoungGen      total 446464K, used 20480K [0x00000000d5d00000, 0x0000000100000000, 0x0000000100000000)
  eden space 425984K, 0% used [0x00000000d5d00000,0x00000000d5d00000,0x00000000efd00000)
  from space 20480K, 100% used [0x00000000efd00000,0x00000000f1100000,0x00000000f1100000)
  to   space 65024K, 0% used [0x00000000fc080000,0x00000000fc080000,0x0000000100000000)
 ParOldGen       total 141312K, used 140881K [0x0000000081600000, 0x000000008a000000, 0x00000000d5d00000)
  object space 141312K, 99% used [0x0000000081600000,0x0000000089f94678,0x000000008a000000)
 Metaspace       used 12532K, capacity 12722K, committed 12928K, reserved 1060864K
  class space    used 1503K, capacity 1587K, committed 1664K, reserved 1048576K
}
Event: 4.525 GC heap before
{Heap before GC invocations=12 (full 1):
 PSYoungGen      total 446464K, used 20480K [0x00000000d5d00000, 0x0000000100000000, 0x0000000100000000)
  eden space 425984K, 0% used [0x00000000d5d00000,0x00000000d5d00000,0x00000000efd00000)
  from space 20480K, 100% used [0x00000000efd00000,0x00000000f1100000,0x00000000f1100000)
  to   space 65024K, 0% used [0x00000000fc080000,0x00000000fc080000,0x0000000100000000)
 ParOldGen       total 141312K, used 140881K [0x0000000081600000, 0x000000008a000000, 0x00000000d5d00000)
  object space 141312K, 99% used [0x0000000081600000,0x0000000089f94678,0x000000008a000000)
 Metaspace       used 12532K, capacity 12722K, committed 12928K, reserved 1060864K
  class space    used 1503K, capacity 1587K, committed 1664K, reserved 1048576K
Event: 5.990 GC heap after
Heap after GC invocations=12 (full 1):
 PSYoungGen      total 446464K, used 0K [0x00000000d5d00000, 0x0000000100000000, 0x0000000100000000)
  eden space 425984K, 0% used [0x00000000d5d00000,0x00000000d5d00000,0x00000000efd00000)
  from space 20480K, 0% used [0x00000000efd00000,0x00000000efd00000,0x00000000f1100000)
  to   space 65024K, 0% used [0x00000000fc080000,0x00000000fc080000,0x0000000100000000)
 ParOldGen       total 247296K, used 137831K [0x0000000081600000, 0x0000000090780000, 0x00000000d5d00000)
  object space 247296K, 55% used [0x0000000081600000,0x0000000089c99e68,0x0000000090780000)
 Metaspace       used 12532K, capacity 12722K, committed 12928K, reserved 1060864K
  class space    used 1503K, capacity 1587K, committed 1664K, reserved 1048576K
}
Event: 6.452 GC heap before
{Heap before GC invocations=13 (full 1):
 PSYoungGen      total 446464K, used 425984K [0x00000000d5d00000, 0x0000000100000000, 0x0000000100000000)
  eden space 425984K, 100% used [0x00000000d5d00000,0x00000000efd00000,0x00000000efd00000)
  from space 20480K, 0% used [0x00000000efd00000,0x00000000efd00000,0x00000000f1100000)
  to   space 65024K, 0% used [0x00000000fc080000,0x00000000fc080000,0x0000000100000000)
 ParOldGen       total 247296K, used 137831K [0x0000000081600000, 0x0000000090780000, 0x00000000d5d00000)
  object space 247296K, 55% used [0x0000000081600000,0x0000000089c99e68,0x0000000090780000)
 Metaspace       used 12652K, capacity 12850K, committed 13184K, reserved 1060864K
  class space    used 1503K, capacity 1587K, committed 1664K, reserved 1048576K

